#
# A fatal error has been detected by the Java Runtime Environment:
#
#  SIGSEGV (0xb) at pc=0x000000010da4f75b, pid=5757, tid=0x0000000000002a03
#
# JRE version: Java(TM) SE Runtime Environment (8.0_101-b13) (build 1.8.0_101-b13)
# Java VM: Java HotSpot(TM) 64-Bit Server VM (25.101-b13 mixed mode bsd-amd64 compressed oops)
# Problematic frame:
# C  [libswt-cocoa-4628.jnilib+0x275b]  callback+0x31b
#
# Failed to write core dump. Core dumps have been disabled. To enable core dumping, try "ulimit -c unlimited" before starting Java again
#
# If you would like to submit a bug report, please visit:
#   http://bugreport.java.com/bugreport/crash.jsp
#

---------------  T H R E A D  ---------------

Current thread (0x00007fbce2059800):  VMThread [stack: 0x00007000036cd000,0x00007000037cd000] [id=10755]

siginfo: si_signo: 11 (SIGSEGV), si_code: 1 (SEGV_MAPERR), si_addr: 0x0000000000000078

Registers:
RAX=0x0000000000000000, RBX=0x00007fbce4829ce0, RCX=0x0000000108122edb, RDX=0x0000000000000001
RSP=0x00007000037cc660, RBP=0x00007000037cc8b0, RSI=0x0000000000000000, RDI=0x0000000000000000
R8 =0x0000000000000002, R9 =0x33bc4c9a7073006d, R10=0x00007fbce0d46160, R11=0x00007fbce2ac8870
R12=0x00007fffcaaa4b40, R13=0x00007fffcaaa4b40, R14=0x0000000000000000, R15=0x0000000000000000
RIP=0x000000010da4f75b, EFLAGS=0x0000000000010202, ERR=0x0000000000000004
  TRAPNO=0x000000000000000e

Top of Stack: (sp=0x00007000037cc660)
0x00007000037cc660:   0000000000000000 0000000000000000
0x00007000037cc670:   33bc4c9a7073006d 00007fffd0b035a0
0x00007000037cc680:   00007fbce4829ce0 00007fbce0ca5ad0
0x00007000037cc690:   00007fffd0b035a0 00007fffd0387e50
0x00007000037cc6a0:   00007000037cc8e0 00007fffb5d69dbd
0x00007000037cc6b0:   00007000037cc770 00000000b5ec66d5
0x00007000037cc6c0:   0000000108122edb fffffffed41bb060
0x00007000037cc6d0:   00007fbce0e3c310 00007fffb44f07a7
0x00007000037cc6e0:   0000000000000000 0000000000000003
0x00007000037cc6f0:   00007fbce0c0fc50 00000000b5dac630
0x00007000037cc700:   0000000000000000 0000000000000000
0x00007000037cc710:   0000000000000000 0000000000000000
0x00007000037cc720:   00007fbce0f07cd0 00007fbce0eb6a10
0x00007000037cc730:   00007fbce0f080f0 00007fbce0f081f0
0x00007000037cc740:   00007fbce0f082b0 00007fbce0f084e0
0x00007000037cc750:   00007fbce0f080f0 00007fbce0f081f0
0x00007000037cc760:   00007fbce0f082b0 00007fbce0f084e0
0x00007000037cc770:   00007fbce0f08600 00007fbce0ec4090
0x00007000037cc780:   00007fffd40722ec 00007fbce0e3c310
0x00007000037cc790:   00007fffb44f07a7 0000000000000000
0x00007000037cc7a0:   0000000000000003 00007fbce0c0fc50
0x00007000037cc7b0:   00007fffd0552088 0000000000000000
0x00007000037cc7c0:   00007000037cc7e0 00007fffcaaa66cb
0x00007000037cc7d0:   0000000000002a03 00007fffd0672100
0x00007000037cc7e0:   00007000037cc840 00007fffcaaa5c49
0x00007000037cc7f0:   00007fffd412b480 ffff80431f35a530
0x00007000037cc800:   00007fbce491ce30 00007fbce4829ce0
0x00007000037cc810:   0000000007425a00 00007000037cc9a0
0x00007000037cc820:   0000000000000000 00007fffcaaa4b40
0x00007000037cc830:   00000000000000f8 00007fffb44e3e71
0x00007000037cc840:   00007000037cc910 00000000caaa55d4
0x00007000037cc850:   00007fbce0c0fc50 0000000000000000 

Instructions: (pc=0x000000010da4f75b)
0x000000010da4f73b:   00 e9 00 00 00 00 48 81 7d c8 00 00 00 00 0f 85
0x000000010da4f74b:   05 00 00 00 e9 34 03 00 00 48 8b 45 c8 48 8b 00
0x000000010da4f75b:   48 8b 40 78 48 8b 7d c8 ff d0 48 89 45 a0 48 3d
0x000000010da4f76b:   00 00 00 00 0f 84 1d 00 00 00 48 8b 45 c8 48 8b 

Register to memory mapping:

RAX=0x0000000000000000 is an unknown value
RBX=0x00007fbce4829ce0 is an unknown value
RCX=0x0000000108122edb: jni_AttachCurrentThreadAsDaemon+0 in /Library/Java/JavaVirtualMachines/jdk1.8.0_101.jdk/Contents/Home/jre/lib/server/libjvm.dylib at 0x0000000107e00000
RDX=0x0000000000000001 is an unknown value
RSP=0x00007000037cc660 is an unknown value
RBP=0x00007000037cc8b0 is an unknown value
RSI=0x0000000000000000 is an unknown value
RDI=0x0000000000000000 is an unknown value
R8 =0x0000000000000002 is an unknown value
R9 =0x33bc4c9a7073006d is an unknown value
R10=0x00007fbce0d46160 is an unknown value
R11=0x00007fbce2ac8870 is an unknown value
R12=0x00007fffcaaa4b40: objc_msgSend+0 in /usr/lib/libobjc.A.dylib at 0x00007fffcaa9e000
R13=0x00007fffcaaa4b40: objc_msgSend+0 in /usr/lib/libobjc.A.dylib at 0x00007fffcaa9e000
R14=0x0000000000000000 is an unknown value
R15=0x0000000000000000 is an unknown value


Stack: [0x00007000036cd000,0x00007000037cd000],  sp=0x00007000037cc660,  free space=1021k
Native frames: (J=compiled Java code, j=interpreted, Vv=VM code, C=native code)
C  [libswt-cocoa-4628.jnilib+0x275b]  callback+0x31b
C  [libswt-cocoa-4628.jnilib+0x52d3]  fn0_2+0x23
C  [AppKit+0x1812cc]  -[NSWindow orderWindow:relativeTo:]+0x76
C  [AppKit+0x2ddbac]  __18-[NSWindow _close]_block_invoke+0x209
C  [AppKit+0x2dd954]  -[NSWindow _close]+0x16d
C  [FinderKit+0xa87f9]  -[FI_TFloatingInputWindowController dealloc]+0x3b
C  [libobjc.A.dylib+0xec49]  objc_object::sidetable_release(bool)+0x11d
C  [AppKit+0x56325]  -[NSWindowController release]+0x9b
C  [FinderKit+0xa84e4]  TNSRef<FI_TFloatingInputWindowController*, void>::~TNSRef()+0x14
C  [libsystem_c.dylib+0x60178]  __cxa_finalize_ranges+0x14c
C  [libsystem_c.dylib+0x604b2]  exit+0x37
V  [libjvm.dylib+0x2eb66a]  vm_exit(int)+0x0
V  [libjvm.dylib+0x5b64c9]  VM_Operation::evaluate()+0x4f
V  [libjvm.dylib+0x5b4b35]  VMThread::evaluate_operation(VM_Operation*)+0xdf
V  [libjvm.dylib+0x5b4f82]  VMThread::loop()+0x328
V  [libjvm.dylib+0x5b48a1]  VMThread::run()+0x79
V  [libjvm.dylib+0x48933a]  java_start(Thread*)+0xf6
C  [libsystem_pthread.dylib+0x3aab]  _pthread_body+0xb4
C  [libsystem_pthread.dylib+0x39f7]  _pthread_body+0x0
C  [libsystem_pthread.dylib+0x31fd]  thread_start+0xd

VM_Operation (0x00007000041ed658): Exit, mode: safepoint, requested by thread 0x00007fbce2921800


---------------  P R O C E S S  ---------------

Java Threads: ( => current thread )
  0x00007fbce2921800 JavaThread "SIGTERM handler" daemon [_thread_blocked, id=100303, stack(0x00007000040ee000,0x00007000041ee000)]
  0x00007fbce2800000 JavaThread "Service Thread" daemon [_thread_blocked, id=17667, stack(0x0000700003e65000,0x0000700003f65000)]
  0x00007fbce2085000 JavaThread "C1 CompilerThread2" daemon [_thread_blocked, id=17155, stack(0x0000700003d62000,0x0000700003e62000)]
  0x00007fbce2084000 JavaThread "C2 CompilerThread1" daemon [_thread_blocked, id=16643, stack(0x0000700003c5f000,0x0000700003d5f000)]
  0x00007fbce205d000 JavaThread "C2 CompilerThread0" daemon [_thread_blocked, id=16131, stack(0x0000700003b5c000,0x0000700003c5c000)]
  0x00007fbce280f800 JavaThread "Signal Dispatcher" daemon [_thread_blocked, id=15623, stack(0x0000700003a59000,0x0000700003b59000)]
  0x00007fbce280c800 JavaThread "Finalizer" daemon [_thread_blocked, id=11779, stack(0x00007000038d3000,0x00007000039d3000)]
  0x00007fbce1807800 JavaThread "Reference Handler" daemon [_thread_blocked, id=11267, stack(0x00007000037d0000,0x00007000038d0000)]
  0x00007fbce2801800 JavaThread "main" [_thread_blocked, id=775, stack(0x00007fff57ffa000,0x00007fff587fa000)]

Other Threads:
=>0x00007fbce2059800 VMThread [stack: 0x00007000036cd000,0x00007000037cd000] [id=10755]

VM state:at safepoint (shutting down)

VM Mutex/Monitor currently owned by a thread:  ([mutex/lock_event])
[0x00007fbce0c142e0] Threads_lock - owner thread: 0x00007fbce2059800

Heap:
 PSYoungGen      total 526848K, used 36758K [0x000000076ab00000, 0x000000078b000000, 0x00000007c0000000)
  eden space 524288K, 6% used [0x000000076ab00000,0x000000076cec5840,0x000000078ab00000)
  from space 2560K, 5% used [0x000000078ad80000,0x000000078ada0000,0x000000078b000000)
  to   space 2560K, 0% used [0x000000078ab00000,0x000000078ab00000,0x000000078ad80000)
 ParOldGen       total 175104K, used 1221K [0x00000006c0000000, 0x00000006cab00000, 0x000000076ab00000)
  object space 175104K, 0% used [0x00000006c0000000,0x00000006c01315d8,0x00000006cab00000)
 Metaspace       used 7638K, capacity 8054K, committed 8192K, reserved 1056768K
  class space    used 884K, capacity 993K, committed 1024K, reserved 1048576K

Card table byte_map: [0x000000010915d000,0x000000010995e000] byte_map_base: 0x0000000105b5d000

Marking Bits: (ParMarkBitMap*) 0x00000001086edd20
 Begin Bits: [0x000000011ed4b000, 0x0000000122d4b000)
 End Bits:   [0x0000000122d4b000, 0x0000000126d4b000)

Polling page: 0x00000001074c7000

CodeCache: size=245760Kb used=4787Kb max_used=4801Kb free=240973Kb
 bounds [0x000000010fd4b000, 0x000000011020b000, 0x000000011ed4b000]
 total_blobs=1796 nmethods=1392 adapters=317
 compilation: enabled

Compilation events (10 events):
Event: 3664.497 Thread 0x00007fbce2085000 1389       3       org.eclipse.swt.widgets.Widget::callSuperRect (49 bytes)
Event: 3664.497 Thread 0x00007fbce2085000 nmethod 1389 0x00000001101ee190 code [0x00000001101ee340, 0x00000001101ee758]
Event: 3664.613 Thread 0x00007fbce205d000 nmethod 1387 0x00000001101f5390 code [0x00000001101f5c80, 0x00000001101fa1a8]
Event: 3665.016 Thread 0x00007fbce2084000 1390       4       org.eclipse.swt.widgets.Display::runTimers (74 bytes)
Event: 3665.019 Thread 0x00007fbce2084000 nmethod 1390 0x00000001101edc50 code [0x00000001101eddc0, 0x00000001101edfa8]
Event: 3666.804 Thread 0x00007fbce205d000 1392       4       org.eclipse.swt.internal.cocoa.NSEvent::<init> (6 bytes)
Event: 3666.804 Thread 0x00007fbce205d000 nmethod 1392 0x0000000110115390 code [0x00000001101154e0, 0x0000000110115538]
Event: 3672.182 Thread 0x00007fbce2085000 1393       3       org.eclipse.swt.widgets.Spinner::drawInteriorWithFrame_inView (64 bytes)
Event: 3672.183 Thread 0x00007fbce2085000 nmethod 1393 0x00000001101f42d0 code [0x00000001101f44c0, 0x00000001101f4e48]
Event: 7499.366 Thread 0x00007fbce2084000 1394       4       java.lang.StringBuilder::append (8 bytes)

GC Heap History (10 events):
Event: 17.269 GC heap before
{Heap before GC invocations=4 (full 0):
 PSYoungGen      total 76288K, used 66768K [0x000000076ab00000, 0x0000000774000000, 0x00000007c0000000)
  eden space 65536K, 100% used [0x000000076ab00000,0x000000076eb00000,0x000000076eb00000)
  from space 10752K, 11% used [0x000000076eb00000,0x000000076ec34010,0x000000076f580000)
  to   space 10752K, 0% used [0x0000000773580000,0x0000000773580000,0x0000000774000000)
 ParOldGen       total 175104K, used 24K [0x00000006c0000000, 0x00000006cab00000, 0x000000076ab00000)
  object space 175104K, 0% used [0x00000006c0000000,0x00000006c0006000,0x00000006cab00000)
 Metaspace       used 7509K, capacity 7906K, committed 8192K, reserved 1056768K
  class space    used 878K, capacity 989K, committed 1024K, reserved 1048576K
Event: 17.275 GC heap after
Heap after GC invocations=4 (full 0):
 PSYoungGen      total 141824K, used 1184K [0x000000076ab00000, 0x0000000774000000, 0x00000007c0000000)
  eden space 131072K, 0% used [0x000000076ab00000,0x000000076ab00000,0x0000000772b00000)
  from space 10752K, 11% used [0x0000000773580000,0x00000007736a8000,0x0000000774000000)
  to   space 10752K, 0% used [0x0000000772b00000,0x0000000772b00000,0x0000000773580000)
 ParOldGen       total 175104K, used 32K [0x00000006c0000000, 0x00000006cab00000, 0x000000076ab00000)
  object space 175104K, 0% used [0x00000006c0000000,0x00000006c0008000,0x00000006cab00000)
 Metaspace       used 7509K, capacity 7906K, committed 8192K, reserved 1056768K
  class space    used 878K, capacity 989K, committed 1024K, reserved 1048576K
}
Event: 17.518 GC heap before
{Heap before GC invocations=5 (full 0):
 PSYoungGen      total 141824K, used 132256K [0x000000076ab00000, 0x0000000774000000, 0x00000007c0000000)
  eden space 131072K, 100% used [0x000000076ab00000,0x0000000772b00000,0x0000000772b00000)
  from space 10752K, 11% used [0x0000000773580000,0x00000007736a8000,0x0000000774000000)
  to   space 10752K, 0% used [0x0000000772b00000,0x0000000772b00000,0x0000000773580000)
 ParOldGen       total 175104K, used 32K [0x00000006c0000000, 0x00000006cab00000, 0x000000076ab00000)
  object space 175104K, 0% used [0x00000006c0000000,0x00000006c0008000,0x00000006cab00000)
 Metaspace       used 7513K, capacity 7906K, committed 8192K, reserved 1056768K
  class space    used 879K, capacity 989K, committed 1024K, reserved 1048576K
Event: 17.522 GC heap after
Heap after GC invocations=5 (full 0):
 PSYoungGen      total 141824K, used 1216K [0x000000076ab00000, 0x000000077b000000, 0x00000007c0000000)
  eden space 131072K, 0% used [0x000000076ab00000,0x000000076ab00000,0x0000000772b00000)
  from space 10752K, 11% used [0x0000000772b00000,0x0000000772c30020,0x0000000773580000)
  to   space 2560K, 0% used [0x000000077ad80000,0x000000077ad80000,0x000000077b000000)
 ParOldGen       total 175104K, used 40K [0x00000006c0000000, 0x00000006cab00000, 0x000000076ab00000)
  object space 175104K, 0% used [0x00000006c0000000,0x00000006c000a000,0x00000006cab00000)
 Metaspace       used 7513K, capacity 7906K, committed 8192K, reserved 1056768K
  class space    used 879K, capacity 989K, committed 1024K, reserved 1048576K
}
Event: 17.680 GC heap before
{Heap before GC invocations=6 (full 0):
 PSYoungGen      total 141824K, used 132288K [0x000000076ab00000, 0x000000077b000000, 0x00000007c0000000)
  eden space 131072K, 100% used [0x000000076ab00000,0x0000000772b00000,0x0000000772b00000)
  from space 10752K, 11% used [0x0000000772b00000,0x0000000772c30020,0x0000000773580000)
  to   space 2560K, 0% used [0x000000077ad80000,0x000000077ad80000,0x000000077b000000)
 ParOldGen       total 175104K, used 40K [0x00000006c0000000, 0x00000006cab00000, 0x000000076ab00000)
  object space 175104K, 0% used [0x00000006c0000000,0x00000006c000a000,0x00000006cab00000)
 Metaspace       used 7513K, capacity 7906K, committed 8192K, reserved 1056768K
  class space    used 879K, capacity 989K, committed 1024K, reserved 1048576K
Event: 17.685 GC heap after
Heap after GC invocations=6 (full 0):
 PSYoungGen      total 264704K, used 1216K [0x000000076ab00000, 0x000000077b000000, 0x00000007c0000000)
  eden space 262144K, 0% used [0x000000076ab00000,0x000000076ab00000,0x000000077ab00000)
  from space 2560K, 47% used [0x000000077ad80000,0x000000077aeb0020,0x000000077b000000)
  to   space 2560K, 0% used [0x000000077ab00000,0x000000077ab00000,0x000000077ad80000)
 ParOldGen       total 175104K, used 48K [0x00000006c0000000, 0x00000006cab00000, 0x000000076ab00000)
  object space 175104K, 0% used [0x00000006c0000000,0x00000006c000c000,0x00000006cab00000)
 Metaspace       used 7513K, capacity 7906K, committed 8192K, reserved 1056768K
  class space    used 879K, capacity 989K, committed 1024K, reserved 1048576K
}
Event: 18.093 GC heap before
{Heap before GC invocations=7 (full 0):
 PSYoungGen      total 264704K, used 263360K [0x000000076ab00000, 0x000000077b000000, 0x00000007c0000000)
  eden space 262144K, 100% used [0x000000076ab00000,0x000000077ab00000,0x000000077ab00000)
  from space 2560K, 47% used [0x000000077ad80000,0x000000077aeb0020,0x000000077b000000)
  to   space 2560K, 0% used [0x000000077ab00000,0x000000077ab00000,0x000000077ad80000)
 ParOldGen       total 175104K, used 48K [0x00000006c0000000, 0x00000006cab00000, 0x000000076ab00000)
  object space 175104K, 0% used [0x00000006c0000000,0x00000006c000c000,0x00000006cab00000)
 Metaspace       used 7519K, capacity 7906K, committed 8192K, reserved 1056768K
  class space    used 879K, capacity 989K, committed 1024K, reserved 1048576K
Event: 18.099 GC heap after
Heap after GC invocations=7 (full 0):
 PSYoungGen      total 264704K, used 128K [0x000000076ab00000, 0x000000078b000000, 0x00000007c0000000)
  eden space 262144K, 0% used [0x000000076ab00000,0x000000076ab00000,0x000000077ab00000)
  from space 2560K, 5% used [0x000000077ab00000,0x000000077ab20000,0x000000077ad80000)
  to   space 2560K, 0% used [0x000000078ad80000,0x000000078ad80000,0x000000078b000000)
 ParOldGen       total 175104K, used 1213K [0x00000006c0000000, 0x00000006cab00000, 0x000000076ab00000)
  object space 175104K, 0% used [0x00000006c0000000,0x00000006c012f5d8,0x00000006cab00000)
 Metaspace       used 7519K, capacity 7906K, committed 8192K, reserved 1056768K
  class space    used 879K, capacity 989K, committed 1024K, reserved 1048576K
}
Event: 32.727 GC heap before
{Heap before GC invocations=8 (full 0):
 PSYoungGen      total 264704K, used 262272K [0x000000076ab00000, 0x000000078b000000, 0x00000007c0000000)
  eden space 262144K, 100% used [0x000000076ab00000,0x000000077ab00000,0x000000077ab00000)
  from space 2560K, 5% used [0x000000077ab00000,0x000000077ab20000,0x000000077ad80000)
  to   space 2560K, 0% used [0x000000078ad80000,0x000000078ad80000,0x000000078b000000)
 ParOldGen       total 175104K, used 1213K [0x00000006c0000000, 0x00000006cab00000, 0x000000076ab00000)
  object space 175104K, 0% used [0x00000006c0000000,0x00000006c012f5d8,0x00000006cab00000)
 Metaspace       used 7586K, capacity 7990K, committed 8192K, reserved 1056768K
  class space    used 881K, capacity 993K, committed 1024K, reserved 1048576K
Event: 32.727 GC heap after
Heap after GC invocations=8 (full 0):
 PSYoungGen      total 526848K, used 128K [0x000000076ab00000, 0x000000078b000000, 0x00000007c0000000)
  eden space 524288K, 0% used [0x000000076ab00000,0x000000076ab00000,0x000000078ab00000)
  from space 2560K, 5% used [0x000000078ad80000,0x000000078ada0000,0x000000078b000000)
  to   space 2560K, 0% used [0x000000078ab00000,0x000000078ab00000,0x000000078ad80000)
 ParOldGen       total 175104K, used 1221K [0x00000006c0000000, 0x00000006cab00000, 0x000000076ab00000)
  object space 175104K, 0% used [0x00000006c0000000,0x00000006c01315d8,0x00000006cab00000)
 Metaspace       used 7586K, capacity 7990K, committed 8192K, reserved 1056768K
  class space    used 881K, capacity 993K, committed 1024K, reserved 1048576K
}

Deoptimization events (10 events):
Event: 32.529 Thread 0x00007fbce2801800 Uncommon trap: reason=unstable_if action=reinterpret pc=0x00000001100cd7d8 method=java.lang.Double.compare(DD)I @ 11
Event: 32.529 Thread 0x00007fbce2801800 Uncommon trap: reason=unstable_if action=reinterpret pc=0x000000011010424c method=java.lang.Double.compare(DD)I @ 3
Event: 32.529 Thread 0x00007fbce2801800 Uncommon trap: reason=unstable_if action=reinterpret pc=0x00000001101157a4 method=java.lang.Double.compare(DD)I @ 3
Event: 32.543 Thread 0x00007fbce2801800 Uncommon trap: reason=unstable_if action=reinterpret pc=0x000000011010acd4 method=java.util.TimSort.countRunAndMakeAscending([Ljava/lang/Object;IILjava/util/Comparator;)I @ 48
Event: 32.548 Thread 0x00007fbce2801800 Uncommon trap: reason=bimorphic action=maybe_recompile pc=0x00000001100d0cd0 method=java.util.stream.IntPipeline$4$1.accept(I)V @ 12
Event: 32.548 Thread 0x00007fbce2801800 Uncommon trap: reason=bimorphic action=maybe_recompile pc=0x00000001100d0cd0 method=java.util.stream.IntPipeline$4$1.accept(I)V @ 12
Event: 32.548 Thread 0x00007fbce2801800 Uncommon trap: reason=bimorphic action=maybe_recompile pc=0x00000001100d0cd0 method=java.util.stream.IntPipeline$4$1.accept(I)V @ 12
Event: 32.548 Thread 0x00007fbce2801800 Uncommon trap: reason=bimorphic action=maybe_recompile pc=0x00000001100d0cd0 method=java.util.stream.IntPipeline$4$1.accept(I)V @ 12
Event: 32.550 Thread 0x00007fbce2801800 Uncommon trap: reason=unstable_if action=reinterpret pc=0x00000001100c5e20 method=sun.nio.cs.UTF_8$Encoder.encodeArrayLoop(Ljava/nio/CharBuffer;Ljava/nio/ByteBuffer;)Ljava/nio/charset/CoderResult; @ 113
Event: 56.356 Thread 0x00007fbce2801800 Uncommon trap: reason=unstable_if action=reinterpret pc=0x000000011016d374 method=org.eclipse.swt.widgets.Display.windowProc(JJJ)J @ 509

Internal exceptions (10 events):
Event: 16.585 Thread 0x00007fbce2801800 Exception <a 'java/lang/NoSuchFieldError': method resolution failed> (0x000000076b5c32e8) thrown at [/HUDSON3/workspace/8-2-build-macosx-x86_64/jdk8u101/7261/hotspot/src/share/vm/prims/methodHandles.cpp, line 1146]
Event: 16.587 Thread 0x00007fbce2801800 Exception <a 'java/lang/NoSuchFieldError': method resolution failed> (0x000000076b5d0a58) thrown at [/HUDSON3/workspace/8-2-build-macosx-x86_64/jdk8u101/7261/hotspot/src/share/vm/prims/methodHandles.cpp, line 1146]
Event: 16.642 Thread 0x00007fbce2801800 Exception <a 'java/security/PrivilegedActionException'> (0x000000076b6b9310) thrown at [/HUDSON3/workspace/8-2-build-macosx-x86_64/jdk8u101/7261/hotspot/src/share/vm/prims/jvm.cpp, line 1386]
Event: 16.642 Thread 0x00007fbce2801800 Exception <a 'java/security/PrivilegedActionException'> (0x000000076b6b98f0) thrown at [/HUDSON3/workspace/8-2-build-macosx-x86_64/jdk8u101/7261/hotspot/src/share/vm/prims/jvm.cpp, line 1386]
Event: 16.642 Thread 0x00007fbce2801800 Exception <a 'java/security/PrivilegedActionException'> (0x000000076b6bd398) thrown at [/HUDSON3/workspace/8-2-build-macosx-x86_64/jdk8u101/7261/hotspot/src/share/vm/prims/jvm.cpp, line 1386]
Event: 16.642 Thread 0x00007fbce2801800 Exception <a 'java/security/PrivilegedActionException'> (0x000000076b6bd978) thrown at [/HUDSON3/workspace/8-2-build-macosx-x86_64/jdk8u101/7261/hotspot/src/share/vm/prims/jvm.cpp, line 1386]
Event: 16.721 Thread 0x00007fbce2801800 Exception <a 'java/lang/NoSuchMethodError': java.lang.Object.lambda$or$2(Ljava/util/function/Predicate;Ljava/lang/Object;)Z> (0x000000076b8d8888) thrown at [/HUDSON3/workspace/8-2-build-macosx-x86_64/jdk8u101/7261/hotspot/src/share/vm/interpreter/linkReso
Event: 16.774 Thread 0x00007fbce2801800 Exception <a 'java/lang/NoSuchMethodError': java.lang.Object.lambda$identity$2(Ljava/lang/Object;)Ljava/lang/Object;> (0x000000076bd43218) thrown at [/HUDSON3/workspace/8-2-build-macosx-x86_64/jdk8u101/7261/hotspot/src/share/vm/interpreter/linkResolver.cp
Event: 16.784 Thread 0x00007fbce2801800 Exception <a 'java/lang/IncompatibleClassChangeError': Found class java.lang.Object, but interface was expected> (0x000000076be21f30) thrown at [/HUDSON3/workspace/8-2-build-macosx-x86_64/jdk8u101/7261/hotspot/src/share/vm/interpreter/linkResolver.cpp, li
Event: 32.504 Thread 0x00007fbce2801800 Implicit null exception at 0x00000001100bc16e to 0x00000001100bcf09

Events (10 events):
Event: 7499.366 Thread 0x00007fbce2921800 Thread added: 0x00007fbce2921800
Event: 7499.366 loading class java/util/IdentityHashMap$KeySet
Event: 7499.367 loading class java/util/IdentityHashMap$KeySet done
Event: 7499.367 loading class java/util/IdentityHashMap$KeyIterator
Event: 7499.367 loading class java/util/IdentityHashMap$IdentityHashMapIterator
Event: 7499.368 loading class java/util/IdentityHashMap$IdentityHashMapIterator done
Event: 7499.368 loading class java/util/IdentityHashMap$KeyIterator done
Event: 7499.368 Thread 0x00007fbce2212000 Thread added: 0x00007fbce2212000
Event: 7499.368 Thread 0x00007fbce2212000 Thread exited: 0x00007fbce2212000
Event: 7499.369 Executing VM operation: Exit


Dynamic libraries:
0x0000000040885000 	/System/Library/Frameworks/Cocoa.framework/Versions/A/Cocoa
0x0000000040885000 	/System/Library/Frameworks/Security.framework/Versions/A/Security
0x0000000040885000 	/System/Library/Frameworks/ApplicationServices.framework/Versions/A/ApplicationServices
0x0000000040885000 	/usr/lib/libz.1.dylib
0x0000000040885000 	/usr/lib/libSystem.B.dylib
0x0000000040885000 	/usr/lib/libobjc.A.dylib
0x0000000040885000 	/System/Library/Frameworks/CoreFoundation.framework/Versions/A/CoreFoundation
0x0000000040885000 	/System/Library/Frameworks/Foundation.framework/Versions/C/Foundation
0x0000000040885000 	/System/Library/Frameworks/AppKit.framework/Versions/C/AppKit
0x0000000040885000 	/System/Library/Frameworks/CoreData.framework/Versions/A/CoreData
0x0000000040885000 	/System/Library/PrivateFrameworks/RemoteViewServices.framework/Versions/A/RemoteViewServices
0x0000000040885000 	/System/Library/PrivateFrameworks/UIFoundation.framework/Versions/A/UIFoundation
0x0000000040885000 	/System/Library/PrivateFrameworks/DFRFoundation.framework/Versions/A/DFRFoundation
0x0000000040885000 	/usr/lib/libenergytrace.dylib
0x0000000040885000 	/System/Library/PrivateFrameworks/SkyLight.framework/Versions/A/SkyLight
0x0000000040885000 	/System/Library/Frameworks/CoreGraphics.framework/Versions/A/CoreGraphics
0x0000000040885000 	/usr/lib/libScreenReader.dylib
0x0000000040885000 	/System/Library/Frameworks/Accelerate.framework/Versions/A/Accelerate
0x0000000040885000 	/System/Library/Frameworks/IOSurface.framework/Versions/A/IOSurface
0x0000000040885000 	/System/Library/Frameworks/AudioToolbox.framework/Versions/A/AudioToolbox
0x0000000040885000 	/System/Library/Frameworks/AudioUnit.framework/Versions/A/AudioUnit
0x0000000040885000 	/System/Library/PrivateFrameworks/DataDetectorsCore.framework/Versions/A/DataDetectorsCore
0x0000000040885000 	/System/Library/PrivateFrameworks/DesktopServicesPriv.framework/Versions/A/DesktopServicesPriv
0x0000000040885000 	/System/Library/Frameworks/Carbon.framework/Versions/A/Frameworks/HIToolbox.framework/Versions/A/HIToolbox
0x0000000040885000 	/usr/lib/libicucore.A.dylib
0x0000000040885000 	/System/Library/Frameworks/QuartzCore.framework/Versions/A/QuartzCore
0x0000000040885000 	/System/Library/Frameworks/Carbon.framework/Versions/A/Frameworks/SpeechRecognition.framework/Versions/A/SpeechRecognition
0x0000000040885000 	/usr/lib/libauto.dylib
0x0000000040885000 	/usr/lib/libxml2.2.dylib
0x0000000040885000 	/System/Library/PrivateFrameworks/CoreUI.framework/Versions/A/CoreUI
0x0000000040885000 	/System/Library/Frameworks/CoreAudio.framework/Versions/A/CoreAudio
0x0000000040885000 	/System/Library/Frameworks/DiskArbitration.framework/Versions/A/DiskArbitration
0x0000000040885000 	/usr/lib/liblangid.dylib
0x0000000040885000 	/System/Library/PrivateFrameworks/MultitouchSupport.framework/Versions/A/MultitouchSupport
0x0000000040885000 	/System/Library/Frameworks/IOKit.framework/Versions/A/IOKit
0x0000000040885000 	/usr/lib/libDiagnosticMessagesClient.dylib
0x0000000040885000 	/System/Library/Frameworks/CoreServices.framework/Versions/A/CoreServices
0x0000000040885000 	/System/Library/PrivateFrameworks/PerformanceAnalysis.framework/Versions/A/PerformanceAnalysis
0x0000000040885000 	/System/Library/PrivateFrameworks/GenerationalStorage.framework/Versions/A/GenerationalStorage
0x0000000040885000 	/System/Library/Frameworks/OpenGL.framework/Versions/A/OpenGL
0x0000000040885000 	/System/Library/Frameworks/CoreImage.framework/Versions/A/CoreImage
0x0000000040885000 	/System/Library/Frameworks/CoreText.framework/Versions/A/CoreText
0x0000000040885000 	/System/Library/Frameworks/ImageIO.framework/Versions/A/ImageIO
0x0000000040885000 	/System/Library/PrivateFrameworks/Backup.framework/Versions/A/Backup
0x0000000040885000 	/usr/lib/libarchive.2.dylib
0x0000000040885000 	/System/Library/Frameworks/CFNetwork.framework/Versions/A/CFNetwork
0x0000000040885000 	/System/Library/Frameworks/SystemConfiguration.framework/Versions/A/SystemConfiguration
0x0000000040885000 	/usr/lib/libCRFSuite.dylib
0x0000000040885000 	/usr/lib/libc++.1.dylib
0x0000000040885000 	/usr/lib/libc++abi.dylib
0x0000000040885000 	/usr/lib/system/libcache.dylib
0x0000000040885000 	/usr/lib/system/libcommonCrypto.dylib
0x0000000040885000 	/usr/lib/system/libcompiler_rt.dylib
0x0000000040885000 	/usr/lib/system/libcopyfile.dylib
0x0000000040885000 	/usr/lib/system/libcorecrypto.dylib
0x0000000040885000 	/usr/lib/system/libdispatch.dylib
0x0000000040885000 	/usr/lib/system/libdyld.dylib
0x0000000040885000 	/usr/lib/system/libkeymgr.dylib
0x0000000040885000 	/usr/lib/system/liblaunch.dylib
0x0000000040885000 	/usr/lib/system/libmacho.dylib
0x0000000040885000 	/usr/lib/system/libquarantine.dylib
0x0000000040885000 	/usr/lib/system/libremovefile.dylib
0x0000000040885000 	/usr/lib/system/libsystem_asl.dylib
0x0000000040885000 	/usr/lib/system/libsystem_blocks.dylib
0x0000000040885000 	/usr/lib/system/libsystem_c.dylib
0x0000000040885000 	/usr/lib/system/libsystem_configuration.dylib
0x0000000040885000 	/usr/lib/system/libsystem_coreservices.dylib
0x0000000040885000 	/usr/lib/system/libsystem_coretls.dylib
0x0000000040885000 	/usr/lib/system/libsystem_dnssd.dylib
0x0000000040885000 	/usr/lib/system/libsystem_info.dylib
0x0000000040885000 	/usr/lib/system/libsystem_kernel.dylib
0x0000000040885000 	/usr/lib/system/libsystem_m.dylib
0x0000000040885000 	/usr/lib/system/libsystem_malloc.dylib
0x0000000040885000 	/usr/lib/system/libsystem_network.dylib
0x0000000040885000 	/usr/lib/system/libsystem_networkextension.dylib
0x0000000040885000 	/usr/lib/system/libsystem_notify.dylib
0x0000000040885000 	/usr/lib/system/libsystem_platform.dylib
0x0000000040885000 	/usr/lib/system/libsystem_pthread.dylib
0x0000000040885000 	/usr/lib/system/libsystem_sandbox.dylib
0x0000000040885000 	/usr/lib/system/libsystem_secinit.dylib
0x0000000040885000 	/usr/lib/system/libsystem_symptoms.dylib
0x0000000040885000 	/usr/lib/system/libsystem_trace.dylib
0x0000000040885000 	/usr/lib/system/libunwind.dylib
0x0000000040885000 	/usr/lib/system/libxpc.dylib
0x0000000040885000 	/usr/lib/libbsm.0.dylib
0x0000000040885000 	/usr/lib/system/libkxld.dylib
0x0000000040885000 	/usr/lib/libcoretls.dylib
0x0000000040885000 	/usr/lib/libcoretls_cfhelpers.dylib
0x0000000040885000 	/usr/lib/libxar.1.dylib
0x0000000040885000 	/usr/lib/libsqlite3.dylib
0x0000000040885000 	/usr/lib/libpam.2.dylib
0x0000000040885000 	/usr/lib/libOpenScriptingUtil.dylib
0x0000000040885000 	/usr/lib/libbz2.1.0.dylib
0x0000000040885000 	/usr/lib/liblzma.5.dylib
0x0000000040885000 	/usr/lib/libnetwork.dylib
0x0000000040885000 	/usr/lib/libpcap.A.dylib
0x0000000040885000 	/System/Library/Frameworks/CoreServices.framework/Versions/A/Frameworks/FSEvents.framework/Versions/A/FSEvents
0x0000000040885000 	/System/Library/Frameworks/CoreServices.framework/Versions/A/Frameworks/CarbonCore.framework/Versions/A/CarbonCore
0x0000000040885000 	/System/Library/Frameworks/CoreServices.framework/Versions/A/Frameworks/Metadata.framework/Versions/A/Metadata
0x0000000040885000 	/System/Library/Frameworks/CoreServices.framework/Versions/A/Frameworks/OSServices.framework/Versions/A/OSServices
0x0000000040885000 	/System/Library/Frameworks/CoreServices.framework/Versions/A/Frameworks/SearchKit.framework/Versions/A/SearchKit
0x0000000040885000 	/System/Library/Frameworks/CoreServices.framework/Versions/A/Frameworks/AE.framework/Versions/A/AE
0x0000000040885000 	/System/Library/Frameworks/CoreServices.framework/Versions/A/Frameworks/LaunchServices.framework/Versions/A/LaunchServices
0x0000000040885000 	/System/Library/Frameworks/CoreServices.framework/Versions/A/Frameworks/DictionaryServices.framework/Versions/A/DictionaryServices
0x0000000040885000 	/System/Library/Frameworks/CoreServices.framework/Versions/A/Frameworks/SharedFileList.framework/Versions/A/SharedFileList
0x0000000040885000 	/System/Library/Frameworks/NetFS.framework/Versions/A/NetFS
0x0000000040885000 	/System/Library/PrivateFrameworks/NetAuth.framework/Versions/A/NetAuth
0x0000000040885000 	/System/Library/PrivateFrameworks/login.framework/Versions/A/Frameworks/loginsupport.framework/Versions/A/loginsupport
0x0000000040885000 	/System/Library/PrivateFrameworks/TCC.framework/Versions/A/TCC
0x0000000040885000 	/usr/lib/libmecabra.dylib
0x0000000040885000 	/System/Library/Frameworks/ApplicationServices.framework/Versions/A/Frameworks/ATS.framework/Versions/A/ATS
0x0000000040885000 	/System/Library/Frameworks/ApplicationServices.framework/Versions/A/Frameworks/ColorSync.framework/Versions/A/ColorSync
0x0000000040885000 	/System/Library/Frameworks/ApplicationServices.framework/Versions/A/Frameworks/HIServices.framework/Versions/A/HIServices
0x0000000040885000 	/System/Library/Frameworks/ApplicationServices.framework/Versions/A/Frameworks/LangAnalysis.framework/Versions/A/LangAnalysis
0x0000000040885000 	/System/Library/Frameworks/ApplicationServices.framework/Versions/A/Frameworks/PrintCore.framework/Versions/A/PrintCore
0x0000000040885000 	/System/Library/Frameworks/ApplicationServices.framework/Versions/A/Frameworks/QD.framework/Versions/A/QD
0x0000000040885000 	/System/Library/Frameworks/ApplicationServices.framework/Versions/A/Frameworks/SpeechSynthesis.framework/Versions/A/SpeechSynthesis
0x0000000040885000 	/System/Library/Frameworks/Accelerate.framework/Versions/A/Frameworks/vImage.framework/Versions/A/vImage
0x0000000040885000 	/System/Library/Frameworks/Accelerate.framework/Versions/A/Frameworks/vecLib.framework/Versions/A/vecLib
0x0000000040885000 	/System/Library/Frameworks/Accelerate.framework/Versions/A/Frameworks/vecLib.framework/Versions/A/libvDSP.dylib
0x0000000040885000 	/System/Library/Frameworks/Accelerate.framework/Versions/A/Frameworks/vecLib.framework/Versions/A/libBNNS.dylib
0x0000000040885000 	/System/Library/Frameworks/Accelerate.framework/Versions/A/Frameworks/vecLib.framework/Versions/A/libQuadrature.dylib
0x0000000040885000 	/System/Library/Frameworks/Accelerate.framework/Versions/A/Frameworks/vecLib.framework/Versions/A/libvMisc.dylib
0x0000000040885000 	/System/Library/Frameworks/Accelerate.framework/Versions/A/Frameworks/vecLib.framework/Versions/A/libLAPACK.dylib
0x0000000040885000 	/System/Library/Frameworks/Accelerate.framework/Versions/A/Frameworks/vecLib.framework/Versions/A/libBLAS.dylib
0x0000000040885000 	/System/Library/Frameworks/Accelerate.framework/Versions/A/Frameworks/vecLib.framework/Versions/A/libLinearAlgebra.dylib
0x0000000040885000 	/System/Library/Frameworks/Accelerate.framework/Versions/A/Frameworks/vecLib.framework/Versions/A/libSparseBLAS.dylib
0x0000000040885000 	/System/Library/Frameworks/ApplicationServices.framework/Versions/A/Frameworks/ATS.framework/Versions/A/Resources/libFontParser.dylib
0x0000000040885000 	/System/Library/Frameworks/ApplicationServices.framework/Versions/A/Frameworks/ATS.framework/Versions/A/Resources/libFontRegistry.dylib
0x0000000040885000 	/System/Library/Frameworks/ImageIO.framework/Versions/A/Resources/libJPEG.dylib
0x0000000040885000 	/System/Library/Frameworks/ImageIO.framework/Versions/A/Resources/libTIFF.dylib
0x0000000040885000 	/System/Library/Frameworks/ImageIO.framework/Versions/A/Resources/libPng.dylib
0x0000000040885000 	/System/Library/Frameworks/ImageIO.framework/Versions/A/Resources/libGIF.dylib
0x0000000040885000 	/System/Library/Frameworks/ImageIO.framework/Versions/A/Resources/libJP2.dylib
0x0000000040885000 	/System/Library/Frameworks/ImageIO.framework/Versions/A/Resources/libRadiance.dylib
0x0000000040885000 	/usr/lib/libcompression.dylib
0x0000000040885000 	/System/Library/PrivateFrameworks/AppleJPEG.framework/Versions/A/AppleJPEG
0x0000000040885000 	/usr/lib/libcups.2.dylib
0x0000000040885000 	/System/Library/Frameworks/Kerberos.framework/Versions/A/Kerberos
0x0000000040885000 	/System/Library/Frameworks/GSS.framework/Versions/A/GSS
0x0000000040885000 	/usr/lib/libresolv.9.dylib
0x0000000040885000 	/usr/lib/libiconv.2.dylib
0x0000000040885000 	/System/Library/PrivateFrameworks/Heimdal.framework/Versions/A/Heimdal
0x0000000040885000 	/usr/lib/libheimdal-asn1.dylib
0x0000000040885000 	/System/Library/Frameworks/OpenDirectory.framework/Versions/A/OpenDirectory
0x0000000040885000 	/System/Library/PrivateFrameworks/CommonAuth.framework/Versions/A/CommonAuth
0x0000000040885000 	/System/Library/Frameworks/OpenDirectory.framework/Versions/A/Frameworks/CFOpenDirectory.framework/Versions/A/CFOpenDirectory
0x0000000040885000 	/System/Library/Frameworks/SecurityFoundation.framework/Versions/A/SecurityFoundation
0x0000000040885000 	/System/Library/PrivateFrameworks/LanguageModeling.framework/Versions/A/LanguageModeling
0x0000000040885000 	/usr/lib/libmarisa.dylib
0x0000000040885000 	/usr/lib/libChineseTokenizer.dylib
0x0000000040885000 	/usr/lib/libcmph.dylib
0x0000000040885000 	/System/Library/PrivateFrameworks/CoreEmoji.framework/Versions/A/CoreEmoji
0x0000000040885000 	/System/Library/Frameworks/ServiceManagement.framework/Versions/A/ServiceManagement
0x0000000040885000 	/usr/lib/libxslt.1.dylib
0x0000000040885000 	/System/Library/Frameworks/Carbon.framework/Versions/A/Frameworks/Ink.framework/Versions/A/Ink
0x0000000040885000 	/System/Library/PrivateFrameworks/TextureIO.framework/Versions/A/TextureIO
0x0000000040885000 	/System/Library/Frameworks/Metal.framework/Versions/A/Metal
0x0000000040885000 	/usr/lib/libate.dylib
0x0000000040885000 	/System/Library/PrivateFrameworks/GPUCompiler.framework/libmetal_timestamp.dylib
0x0000000040885000 	/System/Library/Frameworks/OpenGL.framework/Versions/A/Libraries/libCoreFSCache.dylib
0x0000000040885000 	/System/Library/PrivateFrameworks/IOAccelerator.framework/Versions/A/IOAccelerator
0x0000000040885000 	/System/Library/Frameworks/CoreVideo.framework/Versions/A/CoreVideo
0x0000000040885000 	/usr/lib/libFosl_dynamic.dylib
0x0000000040885000 	/System/Library/PrivateFrameworks/MetalPerformanceShaders.framework/Versions/A/MetalPerformanceShaders
0x0000000040885000 	/System/Library/PrivateFrameworks/FaceCore.framework/Versions/A/FaceCore
0x0000000040885000 	/System/Library/Frameworks/OpenCL.framework/Versions/A/OpenCL
0x0000000040885000 	/System/Library/Frameworks/OpenGL.framework/Versions/A/Libraries/libGLU.dylib
0x0000000040885000 	/System/Library/Frameworks/OpenGL.framework/Versions/A/Libraries/libGFXShared.dylib
0x0000000040885000 	/System/Library/Frameworks/OpenGL.framework/Versions/A/Libraries/libGL.dylib
0x0000000040885000 	/System/Library/Frameworks/OpenGL.framework/Versions/A/Libraries/libGLImage.dylib
0x0000000040885000 	/System/Library/Frameworks/OpenGL.framework/Versions/A/Libraries/libCVMSPluginSupport.dylib
0x0000000040885000 	/System/Library/Frameworks/OpenGL.framework/Versions/A/Libraries/libCoreVMClient.dylib
0x0000000040885000 	/System/Library/PrivateFrameworks/CrashReporterSupport.framework/Versions/A/CrashReporterSupport
0x0000000040885000 	/System/Library/PrivateFrameworks/Sharing.framework/Versions/A/Sharing
0x0000000040885000 	/System/Library/PrivateFrameworks/IconServices.framework/Versions/A/IconServices
0x0000000040885000 	/System/Library/PrivateFrameworks/ProtocolBuffer.framework/Versions/A/ProtocolBuffer
0x0000000040885000 	/System/Library/PrivateFrameworks/Apple80211.framework/Versions/A/Apple80211
0x0000000040885000 	/System/Library/Frameworks/CoreWLAN.framework/Versions/A/CoreWLAN
0x0000000040885000 	/System/Library/PrivateFrameworks/CoreUtils.framework/Versions/A/CoreUtils
0x0000000040885000 	/System/Library/Frameworks/IOBluetooth.framework/Versions/A/IOBluetooth
0x0000000040885000 	/System/Library/PrivateFrameworks/CoreWiFi.framework/Versions/A/CoreWiFi
0x0000000040885000 	/System/Library/Frameworks/CoreBluetooth.framework/Versions/A/CoreBluetooth
0x0000000040885000 	/System/Library/Frameworks/CoreDisplay.framework/Versions/A/CoreDisplay
0x0000000040885000 	/System/Library/PrivateFrameworks/IOPresentment.framework/Versions/A/IOPresentment
0x0000000040885000 	/System/Library/PrivateFrameworks/DebugSymbols.framework/Versions/A/DebugSymbols
0x0000000040885000 	/System/Library/PrivateFrameworks/CoreSymbolication.framework/Versions/A/CoreSymbolication
0x0000000040885000 	/System/Library/PrivateFrameworks/Symbolication.framework/Versions/A/Symbolication
0x0000000040885000 	/System/Library/PrivateFrameworks/AppleFSCompression.framework/Versions/A/AppleFSCompression
0x0000000040885000 	/System/Library/PrivateFrameworks/SpeechRecognitionCore.framework/Versions/A/SpeechRecognitionCore
0x0000000040885000 	/System/Library/PrivateFrameworks/ChunkingLibrary.framework/Versions/A/ChunkingLibrary
0x0000000107e00000 	/Library/Java/JavaVirtualMachines/jdk1.8.0_101.jdk/Contents/Home/jre/lib/server/libjvm.dylib
0x0000000040885000 	/usr/lib/libstdc++.6.dylib
0x0000000107484000 	/Library/Java/JavaVirtualMachines/jdk1.8.0_101.jdk/Contents/Home/jre/lib/libverify.dylib
0x0000000107492000 	/Library/Java/JavaVirtualMachines/jdk1.8.0_101.jdk/Contents/Home/jre/lib/libjava.dylib
0x00000001074d0000 	/Library/Java/JavaVirtualMachines/jdk1.8.0_101.jdk/Contents/Home/jre/lib/libzip.dylib
0x000000010c0af000 	/System/Library/Frameworks/JavaVM.framework/Frameworks/JavaRuntimeSupport.framework/JavaRuntimeSupport
0x000000010c0c9000 	/System/Library/Frameworks/JavaVM.framework/Versions/A/Frameworks/JavaNativeFoundation.framework/Versions/A/JavaNativeFoundation
0x000000010c0de000 	/System/Library/Frameworks/JavaVM.framework/Versions/A/JavaVM
0x0000000040885000 	/System/Library/Frameworks/Carbon.framework/Versions/A/Carbon
0x000000010c0eb000 	/System/Library/PrivateFrameworks/JavaLaunching.framework/Versions/A/JavaLaunching
0x0000000040885000 	/System/Library/Frameworks/Carbon.framework/Versions/A/Frameworks/CommonPanels.framework/Versions/A/CommonPanels
0x0000000040885000 	/System/Library/Frameworks/Carbon.framework/Versions/A/Frameworks/Help.framework/Versions/A/Help
0x0000000040885000 	/System/Library/Frameworks/Carbon.framework/Versions/A/Frameworks/ImageCapture.framework/Versions/A/ImageCapture
0x0000000040885000 	/System/Library/Frameworks/Carbon.framework/Versions/A/Frameworks/OpenScripting.framework/Versions/A/OpenScripting
0x0000000040885000 	/System/Library/Frameworks/Carbon.framework/Versions/A/Frameworks/Print.framework/Versions/A/Print
0x0000000040885000 	/System/Library/Frameworks/Carbon.framework/Versions/A/Frameworks/SecurityHI.framework/Versions/A/SecurityHI
0x000000010da4d000 	/Users/matiasglessi/.swt/lib/macosx/x86_64/libswt-cocoa-4628.jnilib
0x0000000040885000 	/System/Library/Frameworks/WebKit.framework/Versions/A/WebKit
0x0000000040885000 	/System/Library/Frameworks/JavaScriptCore.framework/Versions/A/JavaScriptCore
0x0000000040885000 	/System/Library/Frameworks/SecurityInterface.framework/Versions/A/SecurityInterface
0x0000000040885000 	/System/Library/Frameworks/WebKit.framework/Versions/A/Frameworks/WebKitLegacy.framework/Versions/A/WebKitLegacy
0x0000000040885000 	/System/Library/Frameworks/WebKit.framework/Versions/A/Frameworks/WebCore.framework/Versions/A/WebCore
0x000000010dace000 	/Users/matiasglessi/.swt/lib/macosx/x86_64/libswt-pi-cocoa-4628.jnilib
0x0000000040885000 	/System/Library/PrivateFrameworks/CoreServicesInternal.framework/Versions/A/CoreServicesInternal
0x0000000040885000 	/System/Library/Frameworks/Accelerate.framework/Versions/A/Frameworks/vImage.framework/Versions/A/Libraries/libCGInterfaces.dylib
0x0000000040885000 	/System/Library/Frameworks/ApplicationServices.framework/Versions/A/Frameworks/ATS.framework/Versions/A/Resources/libTrueTypeScaler.dylib
0x0000000040885000 	/System/Library/PrivateFrameworks/FamilyControls.framework/Versions/A/FamilyControls
0x0000000040885000 	/System/Library/PrivateFrameworks/CommerceKit.framework/Versions/A/Frameworks/CommerceCore.framework/Versions/A/CommerceCore
0x0000000040885000 	/System/Library/PrivateFrameworks/SystemAdministration.framework/Versions/A/SystemAdministration
0x0000000040885000 	/System/Library/PrivateFrameworks/AppContainer.framework/Versions/A/AppContainer
0x0000000040885000 	/System/Library/PrivateFrameworks/SecCodeWrapper.framework/Versions/A/SecCodeWrapper
0x0000000040885000 	/System/Library/Frameworks/DirectoryService.framework/Versions/A/DirectoryService
0x0000000040885000 	/System/Library/PrivateFrameworks/DiskImages.framework/Versions/A/DiskImages
0x0000000040885000 	/System/Library/PrivateFrameworks/LoginUIKit.framework/Versions/A/Frameworks/LoginUICore.framework/Versions/A/LoginUICore
0x0000000040885000 	/usr/lib/libCoreStorage.dylib
0x0000000040885000 	/usr/lib/libcsfde.dylib
0x0000000040885000 	/usr/lib/libodfde.dylib
0x0000000040885000 	/System/Library/Frameworks/DiscRecording.framework/Versions/A/DiscRecording
0x0000000040885000 	/usr/lib/libcurl.4.dylib
0x0000000040885000 	/System/Library/PrivateFrameworks/MediaKit.framework/Versions/A/MediaKit
0x0000000040885000 	/System/Library/PrivateFrameworks/ProtectedCloudStorage.framework/Versions/A/ProtectedCloudStorage
0x0000000040885000 	/System/Library/PrivateFrameworks/EFILogin.framework/Versions/A/EFILogin
0x0000000040885000 	/usr/lib/libutil.dylib
0x0000000040885000 	/System/Library/Frameworks/LDAP.framework/Versions/A/LDAP
0x0000000040885000 	/usr/lib/libsasl2.2.dylib
0x0000000040885000 	/System/Library/PrivateFrameworks/CoreDaemon.framework/Versions/B/CoreDaemon
0x0000000040885000 	/System/Library/PrivateFrameworks/AppleSRP.framework/Versions/A/AppleSRP
0x0000000040885000 	/System/Library/PrivateFrameworks/APFS.framework/Versions/A/APFS
0x0000000040885000 	/System/Library/Frameworks/OpenGL.framework/Versions/A/Resources/GLEngine.bundle/GLEngine
0x0000000040885000 	/System/Library/Frameworks/OpenGL.framework/Versions/A/Libraries/libGLProgrammability.dylib
0x000000012805a000 	/System/Library/Extensions/AppleIntelHD4000GraphicsGLDriver.bundle/Contents/MacOS/AppleIntelHD4000GraphicsGLDriver
0x0000000040885000 	/System/Library/PrivateFrameworks/GPUSupport.framework/Versions/A/Libraries/libGPUSupportMercury.dylib
0x0000000040885000 	/System/Library/Frameworks/OpenGL.framework/Versions/A/Resources/GLRendererFloat.bundle/GLRendererFloat
0x0000000040885000 	/System/Library/Frameworks/OpenCL.framework/Versions/A/Libraries/libcldcpuengine.dylib
0x0000000040885000 	/usr/lib/libcrypto.0.9.8.dylib
0x0000000040885000 	/System/Library/PrivateFrameworks/TrustEvaluationAgent.framework/Versions/A/TrustEvaluationAgent
0x0000000128700000 	/System/Library/Extensions/AppleIntelHD4000GraphicsMTLDriver.bundle/Contents/MacOS/AppleIntelHD4000GraphicsMTLDriver
0x0000000040885000 	/System/Library/PrivateFrameworks/ViewBridge.framework/Versions/A/ViewBridge
0x0000000040885000 	/System/Library/PrivateFrameworks/XPCService.framework/Versions/A/XPCService
0x0000000040885000 	/System/Library/PrivateFrameworks/AppSandbox.framework/Versions/A/AppSandbox
0x0000000040885000 	/usr/lib/libsandbox.1.dylib
0x0000000040885000 	/usr/lib/libMatch.1.dylib
0x0000000040885000 	/System/Library/PrivateFrameworks/CloudDocs.framework/Versions/A/CloudDocs
0x0000000040885000 	/System/Library/Frameworks/CloudKit.framework/Versions/A/CloudKit
0x0000000040885000 	/System/Library/PrivateFrameworks/MMCS.framework/Versions/A/MMCS
0x0000000040885000 	/System/Library/Frameworks/CoreLocation.framework/Versions/A/CoreLocation
0x0000000040885000 	/System/Library/PrivateFrameworks/AssetCacheServices.framework/Versions/A/AssetCacheServices
0x0000000040885000 	/System/Library/PrivateFrameworks/GeoServices.framework/Versions/A/GeoServices
0x0000000128a08000 	/System/Library/PrivateFrameworks/CoreNLP.framework/Versions/A/CoreNLP
0x0000000040885000 	/System/Library/CoreServices/RawCamera.bundle/Contents/MacOS/RawCamera
0x0000000040885000 	/System/Library/PrivateFrameworks/FinderKit.framework/Versions/A/FinderKit
0x0000000040885000 	/System/Library/Frameworks/Quartz.framework/Versions/A/Frameworks/QuickLookUI.framework/Versions/A/QuickLookUI
0x0000000040885000 	/System/Library/Frameworks/Quartz.framework/Versions/A/Frameworks/ImageKit.framework/Versions/A/ImageKit
0x0000000040885000 	/System/Library/PrivateFrameworks/Bom.framework/Versions/A/Bom
0x0000000040885000 	/System/Library/Frameworks/QuickLook.framework/Versions/A/QuickLook
0x0000000040885000 	/System/Library/PrivateFrameworks/Suggestions.framework/Versions/A/Suggestions
0x0000000040885000 	/System/Library/PrivateFrameworks/AppleSystemInfo.framework/Versions/A/AppleSystemInfo
0x0000000040885000 	/System/Library/Frameworks/ImageCaptureCore.framework/Versions/A/ImageCaptureCore
0x0000000040885000 	/System/Library/Frameworks/SafariServices.framework/Versions/A/SafariServices
0x0000000040885000 	/System/Library/Frameworks/QTKit.framework/Versions/A/QTKit
0x0000000040885000 	/System/Library/PrivateFrameworks/MobileKeyBag.framework/Versions/A/MobileKeyBag
0x0000000040885000 	/System/Library/Frameworks/AVFoundation.framework/Versions/A/AVFoundation
0x0000000040885000 	/System/Library/Frameworks/CoreMedia.framework/Versions/A/CoreMedia
0x0000000040885000 	/System/Library/Frameworks/MediaToolbox.framework/Versions/A/MediaToolbox
0x0000000040885000 	/System/Library/Frameworks/VideoToolbox.framework/Versions/A/VideoToolbox
0x0000000040885000 	/System/Library/PrivateFrameworks/CoreMediaAuthoring.framework/Versions/A/CoreMediaAuthoring
0x0000000040885000 	/System/Library/Frameworks/CoreMediaIO.framework/Versions/A/CoreMediaIO
0x0000000040885000 	/System/Library/Frameworks/AVFoundation.framework/Versions/A/Frameworks/AVFAudio.framework/Versions/A/AVFAudio
0x0000000040885000 	/System/Library/PrivateFrameworks/IntlPreferences.framework/Versions/A/IntlPreferences
0x0000000040885000 	/usr/lib/libspindump.dylib
0x0000000040885000 	/usr/lib/libdscsym.dylib
0x0000000040885000 	/System/Library/PrivateFrameworks/CoreAVCHD.framework/Versions/A/CoreAVCHD
0x0000000040885000 	/System/Library/Frameworks/MediaAccessibility.framework/Versions/A/MediaAccessibility
0x0000000040885000 	/System/Library/PrivateFrameworks/Mangrove.framework/Versions/A/Mangrove
0x0000000040885000 	/System/Library/PrivateFrameworks/CoreAUC.framework/Versions/A/CoreAUC
0x0000000040885000 	/System/Library/PrivateFrameworks/AppleVA.framework/Versions/A/AppleVA
0x0000000040885000 	/System/Library/PrivateFrameworks/QuickLookThumbnailing.framework/Versions/A/QuickLookThumbnailing
0x0000000040885000 	/System/Library/PrivateFrameworks/DisplayServices.framework/Versions/A/DisplayServices
0x0000000040885000 	/System/Library/Frameworks/Quartz.framework/Versions/A/Frameworks/PDFKit.framework/Versions/A/PDFKit
0x0000000040885000 	/System/Library/Frameworks/Quartz.framework/Versions/A/Frameworks/QuartzComposer.framework/Versions/A/QuartzComposer
0x0000000040885000 	/System/Library/Frameworks/Quartz.framework/Versions/A/Frameworks/QuartzFilters.framework/Versions/A/QuartzFilters
0x0000000040885000 	/System/Library/PrivateFrameworks/CorePDF.framework/Versions/A/CorePDF
0x0000000040885000 	/System/Library/Frameworks/AddressBook.framework/Versions/A/AddressBook
0x0000000040885000 	/System/Library/PrivateFrameworks/ContactsPersistence.framework/Versions/A/ContactsPersistence
0x0000000040885000 	/System/Library/PrivateFrameworks/CalendarAgentLink.framework/Versions/A/CalendarAgentLink
0x0000000040885000 	/System/Library/PrivateFrameworks/ContactsFoundation.framework/Versions/A/ContactsFoundation
0x0000000040885000 	/System/Library/PrivateFrameworks/vCard.framework/Versions/A/vCard
0x0000000040885000 	/System/Library/PrivateFrameworks/ToneLibrary.framework/Versions/A/ToneLibrary
0x0000000040885000 	/System/Library/PrivateFrameworks/ToneKit.framework/Versions/A/ToneKit
0x0000000040885000 	/System/Library/PrivateFrameworks/ApplePushService.framework/Versions/A/ApplePushService
0x0000000040885000 	/System/Library/PrivateFrameworks/PhoneNumbers.framework/Versions/A/PhoneNumbers
0x0000000040885000 	/System/Library/Frameworks/Quartz.framework/Versions/A/Quartz
0x0000000040885000 	/System/Library/Frameworks/Accounts.framework/Versions/A/Accounts
0x0000000040885000 	/System/Library/PrivateFrameworks/OAuth.framework/Versions/A/OAuth
0x0000000040885000 	/System/Library/PrivateFrameworks/CacheDelete.framework/Versions/A/CacheDelete
0x0000000040885000 	/System/Library/PrivateFrameworks/PlugInKit.framework/Versions/A/PlugInKit
0x0000000040885000 	/System/Library/PrivateFrameworks/iLifeMediaBrowser.framework/Versions/A/iLifeMediaBrowser
0x0000000040885000 	/System/Library/Frameworks/AVKit.framework/Versions/A/AVKit
0x0000000040885000 	/System/Library/PrivateFrameworks/MediaRemote.framework/Versions/A/MediaRemote
0x0000000040885000 	/System/Library/PrivateFrameworks/MediaServices.framework/Versions/A/MediaServices
0x000000012bc00000 	/System/Library/Frameworks/Quartz.framework/Versions/A/Frameworks/QuickLookUI.framework/Versions/A/PlugIns/Web2.qldisplay/Contents/MacOS/Web2
0x0000000040885000 	/System/Library/PrivateFrameworks/ShareKit.framework/Versions/A/ShareKit
0x0000000040885000 	/System/Library/Frameworks/Social.framework/Versions/A/Social
0x0000000040885000 	/System/Library/PrivateFrameworks/AccountsUI.framework/Versions/A/AccountsUI
0x0000000040885000 	/System/Library/PrivateFrameworks/AccountsDaemon.framework/Versions/A/AccountsDaemon
0x000000012bcf7000 	/System/Library/Frameworks/Quartz.framework/Versions/A/Frameworks/QuickLookUI.framework/Versions/A/PlugIns/Generic.qldisplay/Contents/MacOS/Generic
0x000000012bd07000 	/System/Library/PrivateFrameworks/Lookup.framework/Lookup
0x0000000040885000 	/System/Library/PrivateFrameworks/DataDetectors.framework/Versions/A/DataDetectors

VM Arguments:
jvm_args: -Dfile.encoding=UTF-8 
java_command: principal.Principal
java_class_path (initial): /Users/matiasglessi/Documents/Workspace/java_workspace/TP-AlgoritmosGeneticos/ServicesActive/target/classes:/Users/matiasglessi/Documents/Workspace/java_workspace/TP-AlgoritmosGeneticos/ServicesActive/javacsv.jar:/Users/matiasglessi/Documents/Workspace/java_workspace/TP-AlgoritmosGeneticos/ServicesActive/swt.jar:/Users/matiasglessi/Documents/Workspace/java_workspace/TP-AlgoritmosGeneticos/ServicesActive/jnetic-1.0.0-SNAPSHOT-jar-with-dependencies.jar:/Users/matiasglessi/Documents/Workspace/java_workspace/TP-AlgoritmosGeneticos/ServicesActive/swing2swt.jar:/Users/matiasglessi/.m2/repository/com/github/redfish4ktc/soapui/soapui/4.0.1.0/soapui-4.0.1.0.jar:/Users/matiasglessi/.m2/repository/org/apache/xmlbeans/xmlbeans/2.5.0/xmlbeans-2.5.0.jar:/Users/matiasglessi/.m2/repository/stax/stax-api/1.0.1/stax-api-1.0.1.jar
Launcher Type: SUN_STANDARD

Environment Variables:
PATH=/usr/bin:/bin:/usr/sbin:/sbin
SHELL=/bin/bash

Signal Handlers:
SIGSEGV: [libjvm.dylib+0x5af145], sa_mask[0]=11111111011111110111111111111111, sa_flags=SA_ONSTACK|SA_RESTART|SA_SIGINFO
SIGBUS: [libjvm.dylib+0x5af145], sa_mask[0]=11111111011111110111111111111111, sa_flags=SA_RESTART|SA_SIGINFO
SIGFPE: [libjvm.dylib+0x48694c], sa_mask[0]=11111111011111110111111111111111, sa_flags=SA_RESTART|SA_SIGINFO
SIGPIPE: [libjvm.dylib+0x48694c], sa_mask[0]=11111111011111110111111111111111, sa_flags=SA_RESTART|SA_SIGINFO
SIGXFSZ: [libjvm.dylib+0x48694c], sa_mask[0]=11111111011111110111111111111111, sa_flags=SA_RESTART|SA_SIGINFO
SIGILL: [libjvm.dylib+0x48694c], sa_mask[0]=11111111011111110111111111111111, sa_flags=SA_RESTART|SA_SIGINFO
SIGUSR1: SIG_DFL, sa_mask[0]=00000000000000000000000000000000, sa_flags=none
SIGUSR2: [libjvm.dylib+0x48646a], sa_mask[0]=00100000000000000000000000000000, sa_flags=SA_RESTART|SA_SIGINFO
SIGHUP: [libjvm.dylib+0x484a41], sa_mask[0]=11111111011111110111111111111111, sa_flags=SA_RESTART|SA_SIGINFO
SIGINT: [libjvm.dylib+0x484a41], sa_mask[0]=11111111011111110111111111111111, sa_flags=SA_RESTART|SA_SIGINFO
SIGTERM: [libjvm.dylib+0x484a41], sa_mask[0]=11111111011111110111111111111111, sa_flags=SA_RESTART|SA_SIGINFO
SIGQUIT: [libjvm.dylib+0x484a41], sa_mask[0]=11111111011111110111111111111111, sa_flags=SA_RESTART|SA_SIGINFO


---------------  S Y S T E M  ---------------

OS:Bsduname:Darwin 16.3.0 Darwin Kernel Version 16.3.0: Thu Nov 17 20:23:58 PST 2016; root:xnu-3789.31.2~1/RELEASE_X86_64 x86_64
rlimit: STACK 8192k, CORE 0k, NPROC 709, NOFILE 10240, AS infinity
load average:1.95 1.89 1.88

CPU:total 4 (2 cores per cpu, 2 threads per core) family 6 model 58 stepping 9, cmov, cx8, fxsr, mmx, sse, sse2, sse3, ssse3, sse4.1, sse4.2, popcnt, avx, aes, clmul, erms, ht, tsc, tscinvbit, tscinv

Memory: 4k page, physical 16777216k(638336k free)

/proc/meminfo:


vm_info: Java HotSpot(TM) 64-Bit Server VM (25.101-b13) for bsd-amd64 JRE (1.8.0_101-b13), built on Jun 22 2016 02:42:15 by "java_re" with gcc 4.2.1 (Based on Apple Inc. build 5658) (LLVM build 2336.11.00)

time: Wed Mar  1 20:31:05 2017
elapsed time: 7499 seconds (0d 2h 4m 59s)

